<?xml version="1.0" encoding="UTF-8"?>
<robot generator="Robot 7.0 (Python 3.11.4 on win32)" generated="2024-04-21T18:54:05.231774" rpa="false" schemaversion="5">
<suite id="s1" name="End-To-End" source="C:\Users\aldir\OneDrive\Documents\Automation\Robot Framework\robot-framework-automation\test-suites\end-to-end.robot">
<test id="s1-t1" name="End To End Test" line="9">
<kw name="Successful Login With Valid Credentials" owner="login_tests">
<kw name="Given User open Browser and Navigate to SauceDemo" owner="login_steps">
<kw name="Open Sauce Demo Login Page" owner="login_keyword">
<kw name="Open Browser" owner="SeleniumLibrary">
<msg time="2024-04-21T18:54:05.613524" level="INFO">Opening browser 'Chrome' to base url 'https://www.saucedemo.com'.</msg>
<arg>${LOGIN PAGE}</arg>
<arg>browser=Chrome</arg>
<doc>Opens a new browser instance to the optional ``url``.</doc>
<status status="PASS" start="2024-04-21T18:54:05.612520" elapsed="2.430112"/>
</kw>
<kw name="Maximize Browser Window" owner="SeleniumLibrary">
<doc>Maximizes current browser window.</doc>
<status status="PASS" start="2024-04-21T18:54:08.043635" elapsed="0.023077"/>
</kw>
<status status="PASS" start="2024-04-21T18:54:05.612520" elapsed="2.455194"/>
</kw>
<kw name="Take Screenshot Custom" owner="helpers">
<kw name="Get Current Date" owner="DateTime">
<msg time="2024-04-21T18:54:08.068717" level="INFO">${date} = 2024-04-21_18-54-08</msg>
<var>${date}</var>
<arg>result_format=%Y-%m-%d_%H-%M-%S</arg>
<doc>Returns current local or UTC time with an optional increment.</doc>
<status status="PASS" start="2024-04-21T18:54:08.067714" elapsed="0.001003"/>
</kw>
<kw name="Set Variable" owner="BuiltIn">
<msg time="2024-04-21T18:54:08.069722" level="INFO">${fileName} = C:\Users\aldir\OneDrive\Documents\Automation\Robot Framework\robot-framework-automation\test-suites/screenshots/2024-04-21_18-54-08.png</msg>
<var>${fileName}</var>
<arg>${EXECDIR}/screenshots/${date}.png</arg>
<doc>Returns the given values which can then be assigned to a variables.</doc>
<status status="PASS" start="2024-04-21T18:54:08.068717" elapsed="0.001005"/>
</kw>
<kw name="Create Directory" owner="OperatingSystem">
<msg time="2024-04-21T18:54:08.070725" level="INFO" html="true">Directory '&lt;a href="file://C:\Users\aldir\OneDrive\Documents\Automation\Robot Framework\robot-framework-automation\test-suites\screenshots"&gt;C:\Users\aldir\OneDrive\Documents\Automation\Robot Framework\robot-framework-automation\test-suites\screenshots&lt;/a&gt;' already exists.</msg>
<arg>${EXECDIR}/screenshots</arg>
<doc>Creates the specified directory.</doc>
<status status="PASS" start="2024-04-21T18:54:08.069722" elapsed="0.001003"/>
</kw>
<kw name="Capture Page Screenshot" owner="SeleniumLibrary">
<msg time="2024-04-21T18:54:08.271389" level="INFO" html="true">&lt;/td&gt;&lt;/tr&gt;&lt;tr&gt;&lt;td colspan="3"&gt;&lt;a href="screenshots/2024-04-21_18-54-08.png"&gt;&lt;img src="screenshots/2024-04-21_18-54-08.png" width="800px"&gt;&lt;/a&gt;</msg>
<arg>${fileName}</arg>
<doc>Takes a screenshot of the current page and embeds it into a log file.</doc>
<status status="PASS" start="2024-04-21T18:54:08.071728" elapsed="0.200664"/>
</kw>
<return>
<value>${fileName}</value>
<status status="PASS" start="2024-04-21T18:54:08.272392" elapsed="0.000000"/>
</return>
<doc>Takes a Screenshot with TimeStamp</doc>
<status status="PASS" start="2024-04-21T18:54:08.067714" elapsed="0.204678"/>
</kw>
<status status="PASS" start="2024-04-21T18:54:05.611517" elapsed="2.660875"/>
</kw>
<kw name="When User input valid Username and Password" owner="login_steps">
<kw name="Enter Username And Password" owner="login_keyword">
<kw name="Input Text" owner="SeleniumLibrary">
<msg time="2024-04-21T18:54:08.276406" level="INFO">Typing text 'standard_user' into text field 'id=user-name'.</msg>
<arg>${USERNAME INPUT}</arg>
<arg>${username}</arg>
<doc>Types the given ``text`` into the text field identified by ``locator``.</doc>
<status status="PASS" start="2024-04-21T18:54:08.275403" elapsed="0.131435"/>
</kw>
<kw name="Input Text" owner="SeleniumLibrary">
<msg time="2024-04-21T18:54:08.407841" level="INFO">Typing text 'secret_sauce' into text field 'id=password'.</msg>
<arg>${PASSWORD INPUT}</arg>
<arg>${password}</arg>
<doc>Types the given ``text`` into the text field identified by ``locator``.</doc>
<status status="PASS" start="2024-04-21T18:54:08.407841" elapsed="0.090299"/>
</kw>
<kw name="Take Screenshot Custom" owner="helpers">
<kw name="Get Current Date" owner="DateTime">
<msg time="2024-04-21T18:54:08.499143" level="INFO">${date} = 2024-04-21_18-54-08</msg>
<var>${date}</var>
<arg>result_format=%Y-%m-%d_%H-%M-%S</arg>
<doc>Returns current local or UTC time with an optional increment.</doc>
<status status="PASS" start="2024-04-21T18:54:08.498140" elapsed="0.001003"/>
</kw>
<kw name="Set Variable" owner="BuiltIn">
<msg time="2024-04-21T18:54:08.499143" level="INFO">${fileName} = C:\Users\aldir\OneDrive\Documents\Automation\Robot Framework\robot-framework-automation\test-suites/screenshots/2024-04-21_18-54-08.png</msg>
<var>${fileName}</var>
<arg>${EXECDIR}/screenshots/${date}.png</arg>
<doc>Returns the given values which can then be assigned to a variables.</doc>
<status status="PASS" start="2024-04-21T18:54:08.499143" elapsed="0.000000"/>
</kw>
<kw name="Create Directory" owner="OperatingSystem">
<msg time="2024-04-21T18:54:08.500145" level="INFO" html="true">Directory '&lt;a href="file://C:\Users\aldir\OneDrive\Documents\Automation\Robot Framework\robot-framework-automation\test-suites\screenshots"&gt;C:\Users\aldir\OneDrive\Documents\Automation\Robot Framework\robot-framework-automation\test-suites\screenshots&lt;/a&gt;' already exists.</msg>
<arg>${EXECDIR}/screenshots</arg>
<doc>Creates the specified directory.</doc>
<status status="PASS" start="2024-04-21T18:54:08.499143" elapsed="0.001002"/>
</kw>
<kw name="Capture Page Screenshot" owner="SeleniumLibrary">
<msg time="2024-04-21T18:54:08.654686" level="INFO" html="true">&lt;/td&gt;&lt;/tr&gt;&lt;tr&gt;&lt;td colspan="3"&gt;&lt;a href="screenshots/2024-04-21_18-54-08.png"&gt;&lt;img src="screenshots/2024-04-21_18-54-08.png" width="800px"&gt;&lt;/a&gt;</msg>
<arg>${fileName}</arg>
<doc>Takes a screenshot of the current page and embeds it into a log file.</doc>
<status status="PASS" start="2024-04-21T18:54:08.500145" elapsed="0.154541"/>
</kw>
<return>
<value>${fileName}</value>
<status status="PASS" start="2024-04-21T18:54:08.654686" elapsed="0.000000"/>
</return>
<doc>Takes a Screenshot with TimeStamp</doc>
<status status="PASS" start="2024-04-21T18:54:08.498140" elapsed="0.156546"/>
</kw>
<arg>${USERNAME}</arg>
<arg>${PASSWORD}</arg>
<status status="PASS" start="2024-04-21T18:54:08.274399" elapsed="0.380287"/>
</kw>
<status status="PASS" start="2024-04-21T18:54:08.273395" elapsed="0.381291"/>
</kw>
<kw name="And User click Login Button" owner="login_steps">
<kw name="Submit Login" owner="login_keyword">
<kw name="Click Element" owner="SeleniumLibrary">
<msg time="2024-04-21T18:54:08.656694" level="INFO">Clicking element 'id=login-button'.</msg>
<arg>${LOGIN BUTTON}</arg>
<doc>Click the element identified by ``locator``.</doc>
<status status="PASS" start="2024-04-21T18:54:08.655690" elapsed="0.104348"/>
</kw>
<status status="PASS" start="2024-04-21T18:54:08.655690" elapsed="0.104348"/>
</kw>
<status status="PASS" start="2024-04-21T18:54:08.655690" elapsed="0.104348"/>
</kw>
<kw name="Then User successfully Login and Direct to HomePage" owner="login_steps">
<kw name="Location Should Be" owner="SeleniumLibrary">
<msg time="2024-04-21T18:54:08.771074" level="INFO">Current location is 'https://www.saucedemo.com/inventory.html'.</msg>
<arg>https://www.saucedemo.com/inventory.html</arg>
<doc>Verifies that the current URL is exactly ``url``.</doc>
<status status="PASS" start="2024-04-21T18:54:08.762044" elapsed="0.009030"/>
</kw>
<status status="PASS" start="2024-04-21T18:54:08.761043" elapsed="0.011035"/>
</kw>
<tag>valid</tag>
<status status="PASS" start="2024-04-21T18:54:05.609510" elapsed="3.162568"/>
</kw>
<kw name="Adding Item to Cart" owner="add_to_cart_tests">
<kw name="Given User already in HomePage" owner="add_cart_steps">
<kw name="Already In HomePage" owner="cart_keyword">
<kw name="Wait Until Element Is Visible" owner="SeleniumLibrary">
<arg>${OBJECT1}</arg>
<arg>timeout=10s</arg>
<doc>Waits until the element ``locator`` is visible.</doc>
<status status="PASS" start="2024-04-21T18:54:08.774086" elapsed="0.029095"/>
</kw>
<kw name="Element Should Be Visible" owner="SeleniumLibrary">
<msg time="2024-04-21T18:54:08.832277" level="INFO">Element 'xpath=//div[normalize-space()='Sauce Labs Backpack']/../../..//button' is displayed.</msg>
<arg>${OBJECT1}</arg>
<doc>Verifies that the element identified by ``locator`` is visible.</doc>
<status status="PASS" start="2024-04-21T18:54:08.804184" elapsed="0.029097"/>
</kw>
<status status="PASS" start="2024-04-21T18:54:08.774086" elapsed="0.059195"/>
</kw>
<kw name="Take Screenshot Custom" owner="helpers">
<kw name="Get Current Date" owner="DateTime">
<msg time="2024-04-21T18:54:08.834286" level="INFO">${date} = 2024-04-21_18-54-08</msg>
<var>${date}</var>
<arg>result_format=%Y-%m-%d_%H-%M-%S</arg>
<doc>Returns current local or UTC time with an optional increment.</doc>
<status status="PASS" start="2024-04-21T18:54:08.834286" elapsed="0.000000"/>
</kw>
<kw name="Set Variable" owner="BuiltIn">
<msg time="2024-04-21T18:54:08.834286" level="INFO">${fileName} = C:\Users\aldir\OneDrive\Documents\Automation\Robot Framework\robot-framework-automation\test-suites/screenshots/2024-04-21_18-54-08.png</msg>
<var>${fileName}</var>
<arg>${EXECDIR}/screenshots/${date}.png</arg>
<doc>Returns the given values which can then be assigned to a variables.</doc>
<status status="PASS" start="2024-04-21T18:54:08.834286" elapsed="0.000000"/>
</kw>
<kw name="Create Directory" owner="OperatingSystem">
<msg time="2024-04-21T18:54:08.835288" level="INFO" html="true">Directory '&lt;a href="file://C:\Users\aldir\OneDrive\Documents\Automation\Robot Framework\robot-framework-automation\test-suites\screenshots"&gt;C:\Users\aldir\OneDrive\Documents\Automation\Robot Framework\robot-framework-automation\test-suites\screenshots&lt;/a&gt;' already exists.</msg>
<arg>${EXECDIR}/screenshots</arg>
<doc>Creates the specified directory.</doc>
<status status="PASS" start="2024-04-21T18:54:08.835288" elapsed="0.000000"/>
</kw>
<kw name="Capture Page Screenshot" owner="SeleniumLibrary">
<msg time="2024-04-21T18:54:09.259885" level="INFO" html="true">&lt;/td&gt;&lt;/tr&gt;&lt;tr&gt;&lt;td colspan="3"&gt;&lt;a href="screenshots/2024-04-21_18-54-08.png"&gt;&lt;img src="screenshots/2024-04-21_18-54-08.png" width="800px"&gt;&lt;/a&gt;</msg>
<arg>${fileName}</arg>
<doc>Takes a screenshot of the current page and embeds it into a log file.</doc>
<status status="PASS" start="2024-04-21T18:54:08.835288" elapsed="0.424597"/>
</kw>
<return>
<value>${fileName}</value>
<status status="PASS" start="2024-04-21T18:54:09.259885" elapsed="0.000000"/>
</return>
<doc>Takes a Screenshot with TimeStamp</doc>
<status status="PASS" start="2024-04-21T18:54:08.833281" elapsed="0.427608"/>
</kw>
<status status="PASS" start="2024-04-21T18:54:08.773082" elapsed="0.487807"/>
</kw>
<kw name="And User adding some Items to Cart" owner="add_cart_steps">
<kw name="Click All Products Button" owner="cart_keyword">
<for flavor="IN">
<iter>
<kw name="Click Product Button" owner="cart_object">
<kw name="Construct Button Locator" owner="cart_object">
<kw name="Set Variable" owner="BuiltIn">
<msg time="2024-04-21T18:54:09.263898" level="INFO">${xpath} = xpath=//div[text()='Sauce Labs Backpack']/ancestor::div[contains(@class,'inventory_item')]//button</msg>
<var>${xpath}</var>
<arg>xpath=//div[text()='${productName}']/ancestor::div[contains(@class,'inventory_item')]//button</arg>
<doc>Returns the given values which can then be assigned to a variables.</doc>
<status status="PASS" start="2024-04-21T18:54:09.262896" elapsed="0.001002"/>
</kw>
<return>
<value>${xpath}</value>
<status status="PASS" start="2024-04-21T18:54:09.263898" elapsed="0.000000"/>
</return>
<msg time="2024-04-21T18:54:09.263898" level="INFO">${BUTTON_XPATH} = xpath=//div[text()='Sauce Labs Backpack']/ancestor::div[contains(@class,'inventory_item')]//button</msg>
<var>${BUTTON_XPATH}</var>
<arg>${productName}</arg>
<status status="PASS" start="2024-04-21T18:54:09.262896" elapsed="0.001002"/>
</kw>
<kw name="Click Element" owner="SeleniumLibrary">
<msg time="2024-04-21T18:54:09.263898" level="INFO">Clicking element 'xpath=//div[text()='Sauce Labs Backpack']/ancestor::div[contains(@class,'inventory_item')]//button'.</msg>
<arg>${BUTTON_XPATH}</arg>
<doc>Click the element identified by ``locator``.</doc>
<status status="PASS" start="2024-04-21T18:54:09.263898" elapsed="0.044865"/>
</kw>
<arg>${productName}</arg>
<status status="PASS" start="2024-04-21T18:54:09.262896" elapsed="0.045867"/>
</kw>
<var name="${productName}">Sauce Labs Backpack</var>
<status status="PASS" start="2024-04-21T18:54:09.261893" elapsed="0.046870"/>
</iter>
<iter>
<kw name="Click Product Button" owner="cart_object">
<kw name="Construct Button Locator" owner="cart_object">
<kw name="Set Variable" owner="BuiltIn">
<msg time="2024-04-21T18:54:09.309764" level="INFO">${xpath} = xpath=//div[text()='Sauce Labs Bike Light']/ancestor::div[contains(@class,'inventory_item')]//button</msg>
<var>${xpath}</var>
<arg>xpath=//div[text()='${productName}']/ancestor::div[contains(@class,'inventory_item')]//button</arg>
<doc>Returns the given values which can then be assigned to a variables.</doc>
<status status="PASS" start="2024-04-21T18:54:09.309764" elapsed="0.000000"/>
</kw>
<return>
<value>${xpath}</value>
<status status="PASS" start="2024-04-21T18:54:09.309764" elapsed="0.000000"/>
</return>
<msg time="2024-04-21T18:54:09.310770" level="INFO">${BUTTON_XPATH} = xpath=//div[text()='Sauce Labs Bike Light']/ancestor::div[contains(@class,'inventory_item')]//button</msg>
<var>${BUTTON_XPATH}</var>
<arg>${productName}</arg>
<status status="PASS" start="2024-04-21T18:54:09.309764" elapsed="0.001006"/>
</kw>
<kw name="Click Element" owner="SeleniumLibrary">
<msg time="2024-04-21T18:54:09.311772" level="INFO">Clicking element 'xpath=//div[text()='Sauce Labs Bike Light']/ancestor::div[contains(@class,'inventory_item')]//button'.</msg>
<arg>${BUTTON_XPATH}</arg>
<doc>Click the element identified by ``locator``.</doc>
<status status="PASS" start="2024-04-21T18:54:09.310770" elapsed="0.044146"/>
</kw>
<arg>${productName}</arg>
<status status="PASS" start="2024-04-21T18:54:09.308763" elapsed="0.046153"/>
</kw>
<var name="${productName}">Sauce Labs Bike Light</var>
<status status="PASS" start="2024-04-21T18:54:09.308763" elapsed="0.046153"/>
</iter>
<iter>
<kw name="Click Product Button" owner="cart_object">
<kw name="Construct Button Locator" owner="cart_object">
<kw name="Set Variable" owner="BuiltIn">
<msg time="2024-04-21T18:54:09.355918" level="INFO">${xpath} = xpath=//div[text()='Sauce Labs Bolt T-Shirt']/ancestor::div[contains(@class,'inventory_item')]//button</msg>
<var>${xpath}</var>
<arg>xpath=//div[text()='${productName}']/ancestor::div[contains(@class,'inventory_item')]//button</arg>
<doc>Returns the given values which can then be assigned to a variables.</doc>
<status status="PASS" start="2024-04-21T18:54:09.355918" elapsed="0.000000"/>
</kw>
<return>
<value>${xpath}</value>
<status status="PASS" start="2024-04-21T18:54:09.356921" elapsed="0.000000"/>
</return>
<msg time="2024-04-21T18:54:09.356921" level="INFO">${BUTTON_XPATH} = xpath=//div[text()='Sauce Labs Bolt T-Shirt']/ancestor::div[contains(@class,'inventory_item')]//button</msg>
<var>${BUTTON_XPATH}</var>
<arg>${productName}</arg>
<status status="PASS" start="2024-04-21T18:54:09.355918" elapsed="0.001003"/>
</kw>
<kw name="Click Element" owner="SeleniumLibrary">
<msg time="2024-04-21T18:54:09.356921" level="INFO">Clicking element 'xpath=//div[text()='Sauce Labs Bolt T-Shirt']/ancestor::div[contains(@class,'inventory_item')]//button'.</msg>
<arg>${BUTTON_XPATH}</arg>
<doc>Click the element identified by ``locator``.</doc>
<status status="PASS" start="2024-04-21T18:54:09.356921" elapsed="0.042140"/>
</kw>
<arg>${productName}</arg>
<status status="PASS" start="2024-04-21T18:54:09.355918" elapsed="0.043143"/>
</kw>
<var name="${productName}">Sauce Labs Bolt T-Shirt</var>
<status status="PASS" start="2024-04-21T18:54:09.354916" elapsed="0.044145"/>
</iter>
<iter>
<kw name="Click Product Button" owner="cart_object">
<kw name="Construct Button Locator" owner="cart_object">
<kw name="Set Variable" owner="BuiltIn">
<msg time="2024-04-21T18:54:09.400063" level="INFO">${xpath} = xpath=//div[text()='Sauce Labs Fleece Jacket']/ancestor::div[contains(@class,'inventory_item')]//button</msg>
<var>${xpath}</var>
<arg>xpath=//div[text()='${productName}']/ancestor::div[contains(@class,'inventory_item')]//button</arg>
<doc>Returns the given values which can then be assigned to a variables.</doc>
<status status="PASS" start="2024-04-21T18:54:09.400063" elapsed="0.000000"/>
</kw>
<return>
<value>${xpath}</value>
<status status="PASS" start="2024-04-21T18:54:09.400063" elapsed="0.000000"/>
</return>
<msg time="2024-04-21T18:54:09.400063" level="INFO">${BUTTON_XPATH} = xpath=//div[text()='Sauce Labs Fleece Jacket']/ancestor::div[contains(@class,'inventory_item')]//button</msg>
<var>${BUTTON_XPATH}</var>
<arg>${productName}</arg>
<status status="PASS" start="2024-04-21T18:54:09.400063" elapsed="0.000000"/>
</kw>
<kw name="Click Element" owner="SeleniumLibrary">
<msg time="2024-04-21T18:54:09.401067" level="INFO">Clicking element 'xpath=//div[text()='Sauce Labs Fleece Jacket']/ancestor::div[contains(@class,'inventory_item')]//button'.</msg>
<arg>${BUTTON_XPATH}</arg>
<doc>Click the element identified by ``locator``.</doc>
<status status="PASS" start="2024-04-21T18:54:09.401067" elapsed="0.038128"/>
</kw>
<arg>${productName}</arg>
<status status="PASS" start="2024-04-21T18:54:09.399061" elapsed="0.040134"/>
</kw>
<var name="${productName}">Sauce Labs Fleece Jacket</var>
<status status="PASS" start="2024-04-21T18:54:09.399061" elapsed="0.040134"/>
</iter>
<iter>
<kw name="Click Product Button" owner="cart_object">
<kw name="Construct Button Locator" owner="cart_object">
<kw name="Set Variable" owner="BuiltIn">
<msg time="2024-04-21T18:54:09.440198" level="INFO">${xpath} = xpath=//div[text()='Sauce Labs Onesie']/ancestor::div[contains(@class,'inventory_item')]//button</msg>
<var>${xpath}</var>
<arg>xpath=//div[text()='${productName}']/ancestor::div[contains(@class,'inventory_item')]//button</arg>
<doc>Returns the given values which can then be assigned to a variables.</doc>
<status status="PASS" start="2024-04-21T18:54:09.440198" elapsed="0.000000"/>
</kw>
<return>
<value>${xpath}</value>
<status status="PASS" start="2024-04-21T18:54:09.441202" elapsed="0.000000"/>
</return>
<msg time="2024-04-21T18:54:09.441202" level="INFO">${BUTTON_XPATH} = xpath=//div[text()='Sauce Labs Onesie']/ancestor::div[contains(@class,'inventory_item')]//button</msg>
<var>${BUTTON_XPATH}</var>
<arg>${productName}</arg>
<status status="PASS" start="2024-04-21T18:54:09.440198" elapsed="0.001004"/>
</kw>
<kw name="Click Element" owner="SeleniumLibrary">
<msg time="2024-04-21T18:54:09.441202" level="INFO">Clicking element 'xpath=//div[text()='Sauce Labs Onesie']/ancestor::div[contains(@class,'inventory_item')]//button'.</msg>
<arg>${BUTTON_XPATH}</arg>
<doc>Click the element identified by ``locator``.</doc>
<status status="PASS" start="2024-04-21T18:54:09.441202" elapsed="0.040134"/>
</kw>
<arg>${productName}</arg>
<status status="PASS" start="2024-04-21T18:54:09.440198" elapsed="0.041138"/>
</kw>
<var name="${productName}">Sauce Labs Onesie</var>
<status status="PASS" start="2024-04-21T18:54:09.439195" elapsed="0.042141"/>
</iter>
<iter>
<kw name="Click Product Button" owner="cart_object">
<kw name="Construct Button Locator" owner="cart_object">
<kw name="Set Variable" owner="BuiltIn">
<msg time="2024-04-21T18:54:09.483340" level="INFO">${xpath} = xpath=//div[text()='Test.allTheThings() T-Shirt (Red)']/ancestor::div[contains(@class,'inventory_item')]//button</msg>
<var>${xpath}</var>
<arg>xpath=//div[text()='${productName}']/ancestor::div[contains(@class,'inventory_item')]//button</arg>
<doc>Returns the given values which can then be assigned to a variables.</doc>
<status status="PASS" start="2024-04-21T18:54:09.483340" elapsed="0.000000"/>
</kw>
<return>
<value>${xpath}</value>
<status status="PASS" start="2024-04-21T18:54:09.484344" elapsed="0.000000"/>
</return>
<msg time="2024-04-21T18:54:09.484344" level="INFO">${BUTTON_XPATH} = xpath=//div[text()='Test.allTheThings() T-Shirt (Red)']/ancestor::div[contains(@class,'inventory_item')]//button</msg>
<var>${BUTTON_XPATH}</var>
<arg>${productName}</arg>
<status status="PASS" start="2024-04-21T18:54:09.482337" elapsed="0.002007"/>
</kw>
<kw name="Click Element" owner="SeleniumLibrary">
<msg time="2024-04-21T18:54:09.484344" level="INFO">Clicking element 'xpath=//div[text()='Test.allTheThings() T-Shirt (Red)']/ancestor::div[contains(@class,'inventory_item')]//button'.</msg>
<arg>${BUTTON_XPATH}</arg>
<doc>Click the element identified by ``locator``.</doc>
<status status="PASS" start="2024-04-21T18:54:09.484344" elapsed="0.037124"/>
</kw>
<arg>${productName}</arg>
<status status="PASS" start="2024-04-21T18:54:09.482337" elapsed="0.039131"/>
</kw>
<var name="${productName}">Test.allTheThings() T-Shirt (Red)</var>
<status status="PASS" start="2024-04-21T18:54:09.481336" elapsed="0.040132"/>
</iter>
<var>${productName}</var>
<value>@{PRODUCT NAMES}</value>
<status status="PASS" start="2024-04-21T18:54:09.261893" elapsed="0.259575"/>
</for>
<status status="PASS" start="2024-04-21T18:54:09.261893" elapsed="0.259575"/>
</kw>
<kw name="Take Screenshot Custom" owner="helpers">
<kw name="Get Current Date" owner="DateTime">
<msg time="2024-04-21T18:54:09.522470" level="INFO">${date} = 2024-04-21_18-54-09</msg>
<var>${date}</var>
<arg>result_format=%Y-%m-%d_%H-%M-%S</arg>
<doc>Returns current local or UTC time with an optional increment.</doc>
<status status="PASS" start="2024-04-21T18:54:09.521468" elapsed="0.001002"/>
</kw>
<kw name="Set Variable" owner="BuiltIn">
<msg time="2024-04-21T18:54:09.522470" level="INFO">${fileName} = C:\Users\aldir\OneDrive\Documents\Automation\Robot Framework\robot-framework-automation\test-suites/screenshots/2024-04-21_18-54-09.png</msg>
<var>${fileName}</var>
<arg>${EXECDIR}/screenshots/${date}.png</arg>
<doc>Returns the given values which can then be assigned to a variables.</doc>
<status status="PASS" start="2024-04-21T18:54:09.522470" elapsed="0.000000"/>
</kw>
<kw name="Create Directory" owner="OperatingSystem">
<msg time="2024-04-21T18:54:09.522470" level="INFO" html="true">Directory '&lt;a href="file://C:\Users\aldir\OneDrive\Documents\Automation\Robot Framework\robot-framework-automation\test-suites\screenshots"&gt;C:\Users\aldir\OneDrive\Documents\Automation\Robot Framework\robot-framework-automation\test-suites\screenshots&lt;/a&gt;' already exists.</msg>
<arg>${EXECDIR}/screenshots</arg>
<doc>Creates the specified directory.</doc>
<status status="PASS" start="2024-04-21T18:54:09.522470" elapsed="0.000000"/>
</kw>
<kw name="Capture Page Screenshot" owner="SeleniumLibrary">
<msg time="2024-04-21T18:54:09.702911" level="INFO" html="true">&lt;/td&gt;&lt;/tr&gt;&lt;tr&gt;&lt;td colspan="3"&gt;&lt;a href="screenshots/2024-04-21_18-54-09.png"&gt;&lt;img src="screenshots/2024-04-21_18-54-09.png" width="800px"&gt;&lt;/a&gt;</msg>
<arg>${fileName}</arg>
<doc>Takes a screenshot of the current page and embeds it into a log file.</doc>
<status status="PASS" start="2024-04-21T18:54:09.523473" elapsed="0.179438"/>
</kw>
<return>
<value>${fileName}</value>
<status status="PASS" start="2024-04-21T18:54:09.702911" elapsed="0.000000"/>
</return>
<doc>Takes a Screenshot with TimeStamp</doc>
<status status="PASS" start="2024-04-21T18:54:09.521468" elapsed="0.181443"/>
</kw>
<status status="PASS" start="2024-04-21T18:54:09.260889" elapsed="0.442022"/>
</kw>
<kw name="When User click button Cart" owner="add_cart_steps">
<kw name="Click Button Cart" owner="cart_keyword">
<kw name="Click Element" owner="SeleniumLibrary">
<msg time="2024-04-21T18:54:09.704916" level="INFO">Clicking element 'id=shopping_cart_container'.</msg>
<arg>${BUTTON_CART}</arg>
<doc>Click the element identified by ``locator``.</doc>
<status status="PASS" start="2024-04-21T18:54:09.703915" elapsed="0.050169"/>
</kw>
<status status="PASS" start="2024-04-21T18:54:09.703915" elapsed="0.050169"/>
</kw>
<kw name="Take Screenshot Custom" owner="helpers">
<kw name="Get Current Date" owner="DateTime">
<msg time="2024-04-21T18:54:09.755086" level="INFO">${date} = 2024-04-21_18-54-09</msg>
<var>${date}</var>
<arg>result_format=%Y-%m-%d_%H-%M-%S</arg>
<doc>Returns current local or UTC time with an optional increment.</doc>
<status status="PASS" start="2024-04-21T18:54:09.755086" elapsed="0.000000"/>
</kw>
<kw name="Set Variable" owner="BuiltIn">
<msg time="2024-04-21T18:54:09.756090" level="INFO">${fileName} = C:\Users\aldir\OneDrive\Documents\Automation\Robot Framework\robot-framework-automation\test-suites/screenshots/2024-04-21_18-54-09.png</msg>
<var>${fileName}</var>
<arg>${EXECDIR}/screenshots/${date}.png</arg>
<doc>Returns the given values which can then be assigned to a variables.</doc>
<status status="PASS" start="2024-04-21T18:54:09.755086" elapsed="0.001004"/>
</kw>
<kw name="Create Directory" owner="OperatingSystem">
<msg time="2024-04-21T18:54:09.757092" level="INFO" html="true">Directory '&lt;a href="file://C:\Users\aldir\OneDrive\Documents\Automation\Robot Framework\robot-framework-automation\test-suites\screenshots"&gt;C:\Users\aldir\OneDrive\Documents\Automation\Robot Framework\robot-framework-automation\test-suites\screenshots&lt;/a&gt;' already exists.</msg>
<arg>${EXECDIR}/screenshots</arg>
<doc>Creates the specified directory.</doc>
<status status="PASS" start="2024-04-21T18:54:09.756090" elapsed="0.001002"/>
</kw>
<kw name="Capture Page Screenshot" owner="SeleniumLibrary">
<msg time="2024-04-21T18:54:09.931631" level="INFO" html="true">&lt;/td&gt;&lt;/tr&gt;&lt;tr&gt;&lt;td colspan="3"&gt;&lt;a href="screenshots/2024-04-21_18-54-09.png"&gt;&lt;img src="screenshots/2024-04-21_18-54-09.png" width="800px"&gt;&lt;/a&gt;</msg>
<arg>${fileName}</arg>
<doc>Takes a screenshot of the current page and embeds it into a log file.</doc>
<status status="PASS" start="2024-04-21T18:54:09.757092" elapsed="0.174539"/>
</kw>
<return>
<value>${fileName}</value>
<status status="PASS" start="2024-04-21T18:54:09.931631" elapsed="0.000000"/>
</return>
<doc>Takes a Screenshot with TimeStamp</doc>
<status status="PASS" start="2024-04-21T18:54:09.754084" elapsed="0.177547"/>
</kw>
<status status="PASS" start="2024-04-21T18:54:09.703915" elapsed="0.227716"/>
</kw>
<kw name="Then User successfully add item to cart" owner="add_cart_steps">
<kw name="Product Already Added" owner="cart_keyword">
<kw name="Element Should Be Visible" owner="SeleniumLibrary">
<msg time="2024-04-21T18:54:09.952697" level="INFO">Element 'xpath=//div[@class='cart_item_label']' is displayed.</msg>
<arg>${OBJECT_CART1}</arg>
<doc>Verifies that the element identified by ``locator`` is visible.</doc>
<status status="PASS" start="2024-04-21T18:54:09.932632" elapsed="0.020065"/>
</kw>
<status status="PASS" start="2024-04-21T18:54:09.932632" elapsed="0.020065"/>
</kw>
<kw name="Take Screenshot Custom" owner="helpers">
<kw name="Get Current Date" owner="DateTime">
<msg time="2024-04-21T18:54:09.953701" level="INFO">${date} = 2024-04-21_18-54-09</msg>
<var>${date}</var>
<arg>result_format=%Y-%m-%d_%H-%M-%S</arg>
<doc>Returns current local or UTC time with an optional increment.</doc>
<status status="PASS" start="2024-04-21T18:54:09.952697" elapsed="0.001004"/>
</kw>
<kw name="Set Variable" owner="BuiltIn">
<msg time="2024-04-21T18:54:09.953701" level="INFO">${fileName} = C:\Users\aldir\OneDrive\Documents\Automation\Robot Framework\robot-framework-automation\test-suites/screenshots/2024-04-21_18-54-09.png</msg>
<var>${fileName}</var>
<arg>${EXECDIR}/screenshots/${date}.png</arg>
<doc>Returns the given values which can then be assigned to a variables.</doc>
<status status="PASS" start="2024-04-21T18:54:09.953701" elapsed="0.000000"/>
</kw>
<kw name="Create Directory" owner="OperatingSystem">
<msg time="2024-04-21T18:54:09.954704" level="INFO" html="true">Directory '&lt;a href="file://C:\Users\aldir\OneDrive\Documents\Automation\Robot Framework\robot-framework-automation\test-suites\screenshots"&gt;C:\Users\aldir\OneDrive\Documents\Automation\Robot Framework\robot-framework-automation\test-suites\screenshots&lt;/a&gt;' already exists.</msg>
<arg>${EXECDIR}/screenshots</arg>
<doc>Creates the specified directory.</doc>
<status status="PASS" start="2024-04-21T18:54:09.953701" elapsed="0.001003"/>
</kw>
<kw name="Capture Page Screenshot" owner="SeleniumLibrary">
<msg time="2024-04-21T18:54:10.109690" level="INFO" html="true">&lt;/td&gt;&lt;/tr&gt;&lt;tr&gt;&lt;td colspan="3"&gt;&lt;a href="screenshots/2024-04-21_18-54-09.png"&gt;&lt;img src="screenshots/2024-04-21_18-54-09.png" width="800px"&gt;&lt;/a&gt;</msg>
<arg>${fileName}</arg>
<doc>Takes a screenshot of the current page and embeds it into a log file.</doc>
<status status="PASS" start="2024-04-21T18:54:09.954704" elapsed="0.154986"/>
</kw>
<return>
<value>${fileName}</value>
<status status="PASS" start="2024-04-21T18:54:10.109690" elapsed="0.000000"/>
</return>
<doc>Takes a Screenshot with TimeStamp</doc>
<status status="PASS" start="2024-04-21T18:54:09.952697" elapsed="0.156993"/>
</kw>
<status status="PASS" start="2024-04-21T18:54:09.932632" elapsed="0.177058"/>
</kw>
<tag>add_to_cart</tag>
<status status="PASS" start="2024-04-21T18:54:08.773082" elapsed="1.337613"/>
</kw>
<kw name="Checkout Item Successfully" owner="purchase_items_tests">
<kw name="Given User already in Cart Page" owner="purchase_items">
<kw name="Product Already Added" owner="cart_keyword">
<kw name="Element Should Be Visible" owner="SeleniumLibrary">
<msg time="2024-04-21T18:54:10.126747" level="INFO">Element 'xpath=//div[@class='cart_item_label']' is displayed.</msg>
<arg>${OBJECT_CART1}</arg>
<doc>Verifies that the element identified by ``locator`` is visible.</doc>
<status status="PASS" start="2024-04-21T18:54:10.112702" elapsed="0.014045"/>
</kw>
<status status="PASS" start="2024-04-21T18:54:10.111699" elapsed="0.015048"/>
</kw>
<status status="PASS" start="2024-04-21T18:54:10.111699" elapsed="0.015048"/>
</kw>
<kw name="And User Continue to Click Button Checkout" owner="purchase_items">
<kw name="Click CheckOut Button" owner="checkout_keyword">
<kw name="Click Element" owner="SeleniumLibrary">
<msg time="2024-04-21T18:54:10.128755" level="INFO">Clicking element 'id=checkout'.</msg>
<arg>${BUTTON_CHECKOUT}</arg>
<doc>Click the element identified by ``locator``.</doc>
<status status="PASS" start="2024-04-21T18:54:10.127753" elapsed="0.055182"/>
</kw>
<kw name="Take Screenshot Custom" owner="helpers">
<kw name="Get Current Date" owner="DateTime">
<msg time="2024-04-21T18:54:10.184944" level="INFO">${date} = 2024-04-21_18-54-10</msg>
<var>${date}</var>
<arg>result_format=%Y-%m-%d_%H-%M-%S</arg>
<doc>Returns current local or UTC time with an optional increment.</doc>
<status status="PASS" start="2024-04-21T18:54:10.183939" elapsed="0.001005"/>
</kw>
<kw name="Set Variable" owner="BuiltIn">
<msg time="2024-04-21T18:54:10.184944" level="INFO">${fileName} = C:\Users\aldir\OneDrive\Documents\Automation\Robot Framework\robot-framework-automation\test-suites/screenshots/2024-04-21_18-54-10.png</msg>
<var>${fileName}</var>
<arg>${EXECDIR}/screenshots/${date}.png</arg>
<doc>Returns the given values which can then be assigned to a variables.</doc>
<status status="PASS" start="2024-04-21T18:54:10.184944" elapsed="0.000000"/>
</kw>
<kw name="Create Directory" owner="OperatingSystem">
<msg time="2024-04-21T18:54:10.185944" level="INFO" html="true">Directory '&lt;a href="file://C:\Users\aldir\OneDrive\Documents\Automation\Robot Framework\robot-framework-automation\test-suites\screenshots"&gt;C:\Users\aldir\OneDrive\Documents\Automation\Robot Framework\robot-framework-automation\test-suites\screenshots&lt;/a&gt;' already exists.</msg>
<arg>${EXECDIR}/screenshots</arg>
<doc>Creates the specified directory.</doc>
<status status="PASS" start="2024-04-21T18:54:10.185944" elapsed="0.000000"/>
</kw>
<kw name="Capture Page Screenshot" owner="SeleniumLibrary">
<msg time="2024-04-21T18:54:10.340304" level="INFO" html="true">&lt;/td&gt;&lt;/tr&gt;&lt;tr&gt;&lt;td colspan="3"&gt;&lt;a href="screenshots/2024-04-21_18-54-10.png"&gt;&lt;img src="screenshots/2024-04-21_18-54-10.png" width="800px"&gt;&lt;/a&gt;</msg>
<arg>${fileName}</arg>
<doc>Takes a screenshot of the current page and embeds it into a log file.</doc>
<status status="PASS" start="2024-04-21T18:54:10.185944" elapsed="0.154360"/>
</kw>
<return>
<value>${fileName}</value>
<status status="PASS" start="2024-04-21T18:54:10.340304" elapsed="0.000000"/>
</return>
<doc>Takes a Screenshot with TimeStamp</doc>
<status status="PASS" start="2024-04-21T18:54:10.183939" elapsed="0.156365"/>
</kw>
<status status="PASS" start="2024-04-21T18:54:10.127753" elapsed="0.212551"/>
</kw>
<status status="PASS" start="2024-04-21T18:54:10.126747" elapsed="0.213557"/>
</kw>
<kw name="When User Fill Information Checkout" owner="purchase_items">
<kw name="Fill Information Checkout" owner="checkout_keyword">
<kw name="Input Text" owner="SeleniumLibrary">
<msg time="2024-04-21T18:54:10.342312" level="INFO">Typing text 'Testing' into text field 'id=first-name'.</msg>
<arg>${FIELD_FIRSTNAME}</arg>
<arg>${FIRST_NAME}</arg>
<doc>Types the given ``text`` into the text field identified by ``locator``.</doc>
<status status="PASS" start="2024-04-21T18:54:10.341308" elapsed="0.096288"/>
</kw>
<kw name="Input Text" owner="SeleniumLibrary">
<msg time="2024-04-21T18:54:10.438601" level="INFO">Typing text 'Jabal' into text field 'id=last-name'.</msg>
<arg>${FIELD_LASTNAME}</arg>
<arg>${LAST_NAME}</arg>
<doc>Types the given ``text`` into the text field identified by ``locator``.</doc>
<status status="PASS" start="2024-04-21T18:54:10.437596" elapsed="0.083615"/>
</kw>
<kw name="Input Text" owner="SeleniumLibrary">
<msg time="2024-04-21T18:54:10.522214" level="INFO">Typing text '123456' into text field 'id=postal-code'.</msg>
<arg>${FIELD_POSTAL_CODE}</arg>
<arg>${POSTAL_CODE}</arg>
<doc>Types the given ``text`` into the text field identified by ``locator``.</doc>
<status status="PASS" start="2024-04-21T18:54:10.522214" elapsed="0.092306"/>
</kw>
<kw name="Take Screenshot Custom" owner="helpers">
<kw name="Get Current Date" owner="DateTime">
<msg time="2024-04-21T18:54:10.615524" level="INFO">${date} = 2024-04-21_18-54-10</msg>
<var>${date}</var>
<arg>result_format=%Y-%m-%d_%H-%M-%S</arg>
<doc>Returns current local or UTC time with an optional increment.</doc>
<status status="PASS" start="2024-04-21T18:54:10.615524" elapsed="0.001003"/>
</kw>
<kw name="Set Variable" owner="BuiltIn">
<msg time="2024-04-21T18:54:10.616527" level="INFO">${fileName} = C:\Users\aldir\OneDrive\Documents\Automation\Robot Framework\robot-framework-automation\test-suites/screenshots/2024-04-21_18-54-10.png</msg>
<var>${fileName}</var>
<arg>${EXECDIR}/screenshots/${date}.png</arg>
<doc>Returns the given values which can then be assigned to a variables.</doc>
<status status="PASS" start="2024-04-21T18:54:10.616527" elapsed="0.000000"/>
</kw>
<kw name="Create Directory" owner="OperatingSystem">
<msg time="2024-04-21T18:54:10.617532" level="INFO" html="true">Directory '&lt;a href="file://C:\Users\aldir\OneDrive\Documents\Automation\Robot Framework\robot-framework-automation\test-suites\screenshots"&gt;C:\Users\aldir\OneDrive\Documents\Automation\Robot Framework\robot-framework-automation\test-suites\screenshots&lt;/a&gt;' already exists.</msg>
<arg>${EXECDIR}/screenshots</arg>
<doc>Creates the specified directory.</doc>
<status status="PASS" start="2024-04-21T18:54:10.616527" elapsed="0.001005"/>
</kw>
<kw name="Capture Page Screenshot" owner="SeleniumLibrary">
<msg time="2024-04-21T18:54:10.785897" level="INFO" html="true">&lt;/td&gt;&lt;/tr&gt;&lt;tr&gt;&lt;td colspan="3"&gt;&lt;a href="screenshots/2024-04-21_18-54-10.png"&gt;&lt;img src="screenshots/2024-04-21_18-54-10.png" width="800px"&gt;&lt;/a&gt;</msg>
<arg>${fileName}</arg>
<doc>Takes a screenshot of the current page and embeds it into a log file.</doc>
<status status="PASS" start="2024-04-21T18:54:10.617532" elapsed="0.168365"/>
</kw>
<return>
<value>${fileName}</value>
<status status="PASS" start="2024-04-21T18:54:10.785897" elapsed="0.000000"/>
</return>
<doc>Takes a Screenshot with TimeStamp</doc>
<status status="PASS" start="2024-04-21T18:54:10.615524" elapsed="0.170373"/>
</kw>
<status status="PASS" start="2024-04-21T18:54:10.341308" elapsed="0.444589"/>
</kw>
<status status="PASS" start="2024-04-21T18:54:10.341308" elapsed="0.445591"/>
</kw>
<kw name="And User Click Button Continue" owner="purchase_items">
<kw name="Click Button Continue" owner="checkout_keyword">
<kw name="Click Element" owner="SeleniumLibrary">
<msg time="2024-04-21T18:54:10.787903" level="INFO">Clicking element 'id=continue'.</msg>
<arg>${BUTTON_CONTINUE}</arg>
<doc>Click the element identified by ``locator``.</doc>
<status status="PASS" start="2024-04-21T18:54:10.787903" elapsed="0.083712"/>
</kw>
<kw name="Take Screenshot Custom" owner="helpers">
<kw name="Get Current Date" owner="DateTime">
<msg time="2024-04-21T18:54:10.873623" level="INFO">${date} = 2024-04-21_18-54-10</msg>
<var>${date}</var>
<arg>result_format=%Y-%m-%d_%H-%M-%S</arg>
<doc>Returns current local or UTC time with an optional increment.</doc>
<status status="PASS" start="2024-04-21T18:54:10.873623" elapsed="0.000000"/>
</kw>
<kw name="Set Variable" owner="BuiltIn">
<msg time="2024-04-21T18:54:10.874625" level="INFO">${fileName} = C:\Users\aldir\OneDrive\Documents\Automation\Robot Framework\robot-framework-automation\test-suites/screenshots/2024-04-21_18-54-10.png</msg>
<var>${fileName}</var>
<arg>${EXECDIR}/screenshots/${date}.png</arg>
<doc>Returns the given values which can then be assigned to a variables.</doc>
<status status="PASS" start="2024-04-21T18:54:10.873623" elapsed="0.001002"/>
</kw>
<kw name="Create Directory" owner="OperatingSystem">
<msg time="2024-04-21T18:54:10.875629" level="INFO" html="true">Directory '&lt;a href="file://C:\Users\aldir\OneDrive\Documents\Automation\Robot Framework\robot-framework-automation\test-suites\screenshots"&gt;C:\Users\aldir\OneDrive\Documents\Automation\Robot Framework\robot-framework-automation\test-suites\screenshots&lt;/a&gt;' already exists.</msg>
<arg>${EXECDIR}/screenshots</arg>
<doc>Creates the specified directory.</doc>
<status status="PASS" start="2024-04-21T18:54:10.874625" elapsed="0.001004"/>
</kw>
<kw name="Capture Page Screenshot" owner="SeleniumLibrary">
<msg time="2024-04-21T18:54:11.049499" level="INFO" html="true">&lt;/td&gt;&lt;/tr&gt;&lt;tr&gt;&lt;td colspan="3"&gt;&lt;a href="screenshots/2024-04-21_18-54-10.png"&gt;&lt;img src="screenshots/2024-04-21_18-54-10.png" width="800px"&gt;&lt;/a&gt;</msg>
<arg>${fileName}</arg>
<doc>Takes a screenshot of the current page and embeds it into a log file.</doc>
<status status="PASS" start="2024-04-21T18:54:10.875629" elapsed="0.173870"/>
</kw>
<return>
<value>${fileName}</value>
<status status="PASS" start="2024-04-21T18:54:11.050502" elapsed="0.000000"/>
</return>
<doc>Takes a Screenshot with TimeStamp</doc>
<status status="PASS" start="2024-04-21T18:54:10.872620" elapsed="0.177882"/>
</kw>
<status status="PASS" start="2024-04-21T18:54:10.787903" elapsed="0.262599"/>
</kw>
<status status="PASS" start="2024-04-21T18:54:10.786899" elapsed="0.263603"/>
</kw>
<kw name="Then User Verify Checkout Complete" owner="purchase_items">
<kw name="Click Button Finish Checkout" owner="checkout_keyword">
<kw name="Click Element" owner="SeleniumLibrary">
<msg time="2024-04-21T18:54:11.052511" level="INFO">Clicking element 'id=finish'.</msg>
<arg>${BUTTON_FINISH}</arg>
<doc>Click the element identified by ``locator``.</doc>
<status status="PASS" start="2024-04-21T18:54:11.051508" elapsed="0.047154"/>
</kw>
<kw name="Take Screenshot Custom" owner="helpers">
<kw name="Get Current Date" owner="DateTime">
<msg time="2024-04-21T18:54:11.099666" level="INFO">${date} = 2024-04-21_18-54-11</msg>
<var>${date}</var>
<arg>result_format=%Y-%m-%d_%H-%M-%S</arg>
<doc>Returns current local or UTC time with an optional increment.</doc>
<status status="PASS" start="2024-04-21T18:54:11.098662" elapsed="0.001004"/>
</kw>
<kw name="Set Variable" owner="BuiltIn">
<msg time="2024-04-21T18:54:11.099666" level="INFO">${fileName} = C:\Users\aldir\OneDrive\Documents\Automation\Robot Framework\robot-framework-automation\test-suites/screenshots/2024-04-21_18-54-11.png</msg>
<var>${fileName}</var>
<arg>${EXECDIR}/screenshots/${date}.png</arg>
<doc>Returns the given values which can then be assigned to a variables.</doc>
<status status="PASS" start="2024-04-21T18:54:11.099666" elapsed="0.000000"/>
</kw>
<kw name="Create Directory" owner="OperatingSystem">
<msg time="2024-04-21T18:54:11.099666" level="INFO" html="true">Directory '&lt;a href="file://C:\Users\aldir\OneDrive\Documents\Automation\Robot Framework\robot-framework-automation\test-suites\screenshots"&gt;C:\Users\aldir\OneDrive\Documents\Automation\Robot Framework\robot-framework-automation\test-suites\screenshots&lt;/a&gt;' already exists.</msg>
<arg>${EXECDIR}/screenshots</arg>
<doc>Creates the specified directory.</doc>
<status status="PASS" start="2024-04-21T18:54:11.099666" elapsed="0.000000"/>
</kw>
<kw name="Capture Page Screenshot" owner="SeleniumLibrary">
<msg time="2024-04-21T18:54:11.254048" level="INFO" html="true">&lt;/td&gt;&lt;/tr&gt;&lt;tr&gt;&lt;td colspan="3"&gt;&lt;a href="screenshots/2024-04-21_18-54-11.png"&gt;&lt;img src="screenshots/2024-04-21_18-54-11.png" width="800px"&gt;&lt;/a&gt;</msg>
<arg>${fileName}</arg>
<doc>Takes a screenshot of the current page and embeds it into a log file.</doc>
<status status="PASS" start="2024-04-21T18:54:11.100667" elapsed="0.153381"/>
</kw>
<return>
<value>${fileName}</value>
<status status="PASS" start="2024-04-21T18:54:11.254048" elapsed="0.001027"/>
</return>
<doc>Takes a Screenshot with TimeStamp</doc>
<status status="PASS" start="2024-04-21T18:54:11.098662" elapsed="0.156413"/>
</kw>
<status status="PASS" start="2024-04-21T18:54:11.051508" elapsed="0.203567"/>
</kw>
<kw name="Verify Checkout Complete" owner="checkout_keyword">
<kw name="Wait Until Element Is Visible" owner="SeleniumLibrary">
<arg>${ELEMENT_CHECKOUT_COMPLETE}</arg>
<doc>Waits until the element ``locator`` is visible.</doc>
<status status="PASS" start="2024-04-21T18:54:11.256056" elapsed="0.016054"/>
</kw>
<kw name="Take Screenshot Custom" owner="helpers">
<kw name="Get Current Date" owner="DateTime">
<msg time="2024-04-21T18:54:11.273114" level="INFO">${date} = 2024-04-21_18-54-11</msg>
<var>${date}</var>
<arg>result_format=%Y-%m-%d_%H-%M-%S</arg>
<doc>Returns current local or UTC time with an optional increment.</doc>
<status status="PASS" start="2024-04-21T18:54:11.273114" elapsed="0.000000"/>
</kw>
<kw name="Set Variable" owner="BuiltIn">
<msg time="2024-04-21T18:54:11.273114" level="INFO">${fileName} = C:\Users\aldir\OneDrive\Documents\Automation\Robot Framework\robot-framework-automation\test-suites/screenshots/2024-04-21_18-54-11.png</msg>
<var>${fileName}</var>
<arg>${EXECDIR}/screenshots/${date}.png</arg>
<doc>Returns the given values which can then be assigned to a variables.</doc>
<status status="PASS" start="2024-04-21T18:54:11.273114" elapsed="0.000000"/>
</kw>
<kw name="Create Directory" owner="OperatingSystem">
<msg time="2024-04-21T18:54:11.274117" level="INFO" html="true">Directory '&lt;a href="file://C:\Users\aldir\OneDrive\Documents\Automation\Robot Framework\robot-framework-automation\test-suites\screenshots"&gt;C:\Users\aldir\OneDrive\Documents\Automation\Robot Framework\robot-framework-automation\test-suites\screenshots&lt;/a&gt;' already exists.</msg>
<arg>${EXECDIR}/screenshots</arg>
<doc>Creates the specified directory.</doc>
<status status="PASS" start="2024-04-21T18:54:11.274117" elapsed="0.000000"/>
</kw>
<kw name="Capture Page Screenshot" owner="SeleniumLibrary">
<msg time="2024-04-21T18:54:11.428289" level="INFO" html="true">&lt;/td&gt;&lt;/tr&gt;&lt;tr&gt;&lt;td colspan="3"&gt;&lt;a href="screenshots/2024-04-21_18-54-11.png"&gt;&lt;img src="screenshots/2024-04-21_18-54-11.png" width="800px"&gt;&lt;/a&gt;</msg>
<arg>${fileName}</arg>
<doc>Takes a screenshot of the current page and embeds it into a log file.</doc>
<status status="PASS" start="2024-04-21T18:54:11.274117" elapsed="0.155175"/>
</kw>
<return>
<value>${fileName}</value>
<status status="PASS" start="2024-04-21T18:54:11.429292" elapsed="0.000000"/>
</return>
<doc>Takes a Screenshot with TimeStamp</doc>
<status status="PASS" start="2024-04-21T18:54:11.272110" elapsed="0.157182"/>
</kw>
<kw name="Get Text" owner="SeleniumLibrary">
<msg time="2024-04-21T18:54:11.453372" level="INFO">${textVerify} = Your order has been dispatched, and will arrive just as fast as the pony can get there!</msg>
<var>${textVerify}</var>
<arg>${ELEMENT_CHECKOUT_COMPLETE_TEXT}</arg>
<doc>Returns the text value of the element identified by ``locator``.</doc>
<status status="PASS" start="2024-04-21T18:54:11.429292" elapsed="0.024080"/>
</kw>
<kw name="Log" owner="BuiltIn">
<msg time="2024-04-21T18:54:11.454377" level="INFO">Your order has been dispatched, and will arrive just as fast as the pony can get there!</msg>
<arg>${textVerify}</arg>
<doc>Logs the given message with the given level.</doc>
<status status="PASS" start="2024-04-21T18:54:11.454377" elapsed="0.000000"/>
</kw>
<kw name="Get Text" owner="SeleniumLibrary">
<msg time="2024-04-21T18:54:11.475446" level="INFO">${textVerify2} = Thank you for your order!</msg>
<var>${textVerify2}</var>
<arg>${ELEMENT_CHECKOUT_COMPLETE_HEADER}</arg>
<doc>Returns the text value of the element identified by ``locator``.</doc>
<status status="PASS" start="2024-04-21T18:54:11.454377" elapsed="0.022072"/>
</kw>
<kw name="Log" owner="BuiltIn">
<msg time="2024-04-21T18:54:11.476449" level="INFO">Thank you for your order!</msg>
<arg>${textVerify2}</arg>
<doc>Logs the given message with the given level.</doc>
<status status="PASS" start="2024-04-21T18:54:11.476449" elapsed="0.001004"/>
</kw>
<status status="PASS" start="2024-04-21T18:54:11.255075" elapsed="0.222378"/>
</kw>
<kw name="Click Button Back Home" owner="checkout_keyword">
<kw name="Click Element" owner="SeleniumLibrary">
<msg time="2024-04-21T18:54:11.478454" level="INFO">Clicking element 'id=back-to-products'.</msg>
<arg>${BUTTON_BACK_HOME}</arg>
<doc>Click the element identified by ``locator``.</doc>
<status status="PASS" start="2024-04-21T18:54:11.478454" elapsed="0.053846"/>
</kw>
<kw name="Take Screenshot Custom" owner="helpers">
<kw name="Get Current Date" owner="DateTime">
<msg time="2024-04-21T18:54:11.533303" level="INFO">${date} = 2024-04-21_18-54-11</msg>
<var>${date}</var>
<arg>result_format=%Y-%m-%d_%H-%M-%S</arg>
<doc>Returns current local or UTC time with an optional increment.</doc>
<status status="PASS" start="2024-04-21T18:54:11.532300" elapsed="0.001003"/>
</kw>
<kw name="Set Variable" owner="BuiltIn">
<msg time="2024-04-21T18:54:11.533303" level="INFO">${fileName} = C:\Users\aldir\OneDrive\Documents\Automation\Robot Framework\robot-framework-automation\test-suites/screenshots/2024-04-21_18-54-11.png</msg>
<var>${fileName}</var>
<arg>${EXECDIR}/screenshots/${date}.png</arg>
<doc>Returns the given values which can then be assigned to a variables.</doc>
<status status="PASS" start="2024-04-21T18:54:11.533303" elapsed="0.000000"/>
</kw>
<kw name="Create Directory" owner="OperatingSystem">
<msg time="2024-04-21T18:54:11.534306" level="INFO" html="true">Directory '&lt;a href="file://C:\Users\aldir\OneDrive\Documents\Automation\Robot Framework\robot-framework-automation\test-suites\screenshots"&gt;C:\Users\aldir\OneDrive\Documents\Automation\Robot Framework\robot-framework-automation\test-suites\screenshots&lt;/a&gt;' already exists.</msg>
<arg>${EXECDIR}/screenshots</arg>
<doc>Creates the specified directory.</doc>
<status status="PASS" start="2024-04-21T18:54:11.533303" elapsed="0.001003"/>
</kw>
<kw name="Capture Page Screenshot" owner="SeleniumLibrary">
<msg time="2024-04-21T18:54:11.746636" level="INFO" html="true">&lt;/td&gt;&lt;/tr&gt;&lt;tr&gt;&lt;td colspan="3"&gt;&lt;a href="screenshots/2024-04-21_18-54-11.png"&gt;&lt;img src="screenshots/2024-04-21_18-54-11.png" width="800px"&gt;&lt;/a&gt;</msg>
<arg>${fileName}</arg>
<doc>Takes a screenshot of the current page and embeds it into a log file.</doc>
<status status="PASS" start="2024-04-21T18:54:11.534306" elapsed="0.212330"/>
</kw>
<return>
<value>${fileName}</value>
<status status="PASS" start="2024-04-21T18:54:11.746636" elapsed="0.000000"/>
</return>
<doc>Takes a Screenshot with TimeStamp</doc>
<status status="PASS" start="2024-04-21T18:54:11.532300" elapsed="0.214336"/>
</kw>
<status status="PASS" start="2024-04-21T18:54:11.478012" elapsed="0.268624"/>
</kw>
<status status="PASS" start="2024-04-21T18:54:11.050502" elapsed="0.696134"/>
</kw>
<status status="PASS" start="2024-04-21T18:54:10.110695" elapsed="1.635941"/>
</kw>
<tag>end-to-end</tag>
<tag>positive end-to-end</tag>
<status status="PASS" start="2024-04-21T18:54:05.608505" elapsed="6.139135"/>
</test>
<doc>Running All Suites</doc>
<status status="PASS" start="2024-04-21T18:54:05.233781" elapsed="6.514863"/>
</suite>
<statistics>
<total>
<stat pass="1" fail="0" skip="0">All Tests</stat>
</total>
<tag>
<stat pass="1" fail="0" skip="0">end-to-end</stat>
<stat pass="1" fail="0" skip="0">positive end-to-end</stat>
</tag>
<suite>
<stat pass="1" fail="0" skip="0" id="s1" name="End-To-End">End-To-End</stat>
</suite>
</statistics>
<errors>
<msg time="2024-04-21T18:54:05.545696" level="WARN">Error in file 'C:\Users\aldir\OneDrive\Documents\Automation\Robot Framework\robot-framework-automation\resources\object-locators\cart-page\cart_object.resource' on line 9: The '[Return]' setting is deprecated. Use the 'RETURN' statement instead.</msg>
</errors>
</robot>
